SF:src/app/app-routing.module.ts
DA:1,1
DA:2,1
DA:3,1
DA:4,1
DA:6,7
DA:26,1
DA:17,6
DA:20,6
DA:21,6
DA:24,6
DA:27,6
DA:32,6
BRDA:21,0,0,6
BRDA:21,0,1,6
end_of_record
SF:src/app/app.component.html
DA:1,1
end_of_record
SF:src/app/app.component.ts
DA:1,1
DA:2,1
DA:3,1
DA:10,7
DA:18,7
DA:19,7
DA:23,7
DA:11,6
DA:17,187
DA:20,6
DA:21,6
DA:22,6
DA:26,187
DA:27,181
DA:28,181
DA:32,6
DA:41,6
DA:42,6
DA:46,6
DA:51,6
DA:52,6
DA:55,6
DA:62,206
DA:63,6
DA:64,6
DA:67,206
DA:68,200
DA:75,6
BRDA:17,0,0,6
BRDA:17,0,1,181
BRDA:26,1,0,181
BRDA:26,1,1,6
BRDA:52,2,0,6
BRDA:52,2,1,6
BRDA:62,3,0,6
BRDA:62,3,1,200
BRDA:67,4,0,200
BRDA:67,4,1,6
end_of_record
SF:src/app/configuration.service.ts
DA:1,3
DA:3,3
DA:8,3
DA:9,9
DA:10,9
DA:15,3
DA:16,3
DA:18,8
DA:20,8
DA:25,8
DA:29,13
DA:33,65
DA:42,72
DA:43,72
DA:49,12
DA:53,10
DA:57,51
DA:64,8
DA:76,11
DA:77,11
DA:79,11
DA:6,6
DA:11,6
DA:19,11
DA:23,11
DA:24,11
DA:30,6
DA:34,5
DA:38,0
DA:47,2
DA:48,2
DA:56,6
DA:58,6
DA:59,6
DA:62,6
DA:67,6
BRDA:49,0,0,10
BRDA:49,0,1,3
BRDA:50,1,0,10
BRDA:50,1,1,3
BRDA:29,0,0,6
BRDA:29,0,1,5
BRDA:29,1,0,6
BRDA:29,1,1,5
BRDA:59,2,0,6
BRDA:59,2,1,6
end_of_record
SF:src/app/const.ts
DA:2,10
DA:5,4
DA:6,4
DA:8,4
DA:20,12
DA:3,6
DA:4,6
DA:21,18
end_of_record
SF:src/app/general_types.ts
DA:14,2
DA:1,6
end_of_record
SF:src/app/solver-worker.service.ts
DA:1,2
DA:2,2
DA:3,2
DA:8,2
DA:18,15
DA:31,5
DA:33,3
DA:34,3
DA:35,3
DA:36,3
DA:37,3
DA:38,3
DA:42,15
DA:43,2
DA:44,2
DA:46,1
DA:51,11
DA:5,6
DA:16,13
DA:19,13
DA:21,13
DA:23,13
DA:25,13
DA:27,13
DA:29,13
DA:47,6
DA:48,6
DA:56,6
BRDA:27,0,0,2
BRDA:31,1,0,3
BRDA:31,1,1,2
BRDA:31,2,0,5
BRDA:31,2,1,5
BRDA:13,0,0,13
BRDA:16,1,0,13
BRDA:16,1,1,0
BRDA:16,2,0,13
BRDA:16,2,1,13
BRDA:48,3,0,6
BRDA:48,3,1,6
end_of_record
SF:src/app/test-utils.ts
DA:1,2
DA:2,2
DA:4,2
DA:5,7
DA:6,1
DA:8,42
DA:9,42
DA:10,42
DA:11,42
DA:16,6
end_of_record
SF:src/app/theme.service.ts
DA:1,1
DA:2,1
DA:9,1
DA:10,12
DA:12,7
DA:15,7
DA:17,7
DA:19,1
DA:23,1
DA:24,1
DA:26,1
DA:27,0
DA:33,1
DA:35,1
DA:40,12
DA:48,1
DA:51,12
DA:61,12
DA:64,1
DA:65,1
DA:69,1
DA:71,1
DA:74,1
DA:75,1
DA:76,0
DA:80,0
DA:84,7
DA:85,7
DA:93,7
DA:97,0
DA:100,1
DA:109,1
DA:4,6
DA:7,6
DA:8,6
DA:22,0
DA:32,11
DA:34,11
DA:37,11
DA:43,11
DA:45,11
DA:46,11
DA:47,16
DA:52,11
DA:62,0
DA:67,11
DA:79,11
DA:86,6
DA:87,6
DA:89,6
DA:90,6
DA:98,6
BRDA:64,0,0,1
BRDA:76,1,0,0
BRDA:77,2,0,0
BRDA:77,2,1,0
BRDA:93,3,0,0
BRDA:34,0,0,11
BRDA:34,0,1,0
BRDA:47,1,0,0
BRDA:47,1,1,16
BRDA:47,2,0,16
BRDA:47,2,1,5
BRDA:61,3,0,0
BRDA:61,3,1,11
BRDA:90,4,0,6
BRDA:90,4,1,6
end_of_record
SF:src/app/toolbar.service.ts
DA:1,3
DA:2,3
DA:3,3
DA:8,3
DA:9,3
DA:14,3
DA:16,11
DA:19,13
DA:30,13
DA:36,364
DA:41,10
DA:4,6
DA:7,6
DA:11,15
DA:20,15
DA:24,8
DA:29,6
DA:34,6
DA:38,6
DA:39,6
DA:42,6
DA:47,6
BRDA:39,0,0,6
BRDA:39,0,1,6
end_of_record
SF:src/app/utils.ts
DA:1,5
DA:2,11
DA:3,5
DA:7,789
DA:8,247
DA:11,576
DA:15,36
DA:23,101
DA:25,101
DA:28,65
DA:32,101
DA:34,101
DA:5,23
DA:10,34
DA:13,34
DA:14,34
DA:19,6
DA:20,183
DA:21,47
DA:24,136
DA:27,6
BRDA:7,0,0,247
BRDA:20,0,0,47
BRDA:20,0,1,136
end_of_record
SF:src/app/about-dialog/about-dialog.component.html
DA:1,2
end_of_record
SF:src/app/about-dialog/about-dialog.component.ts
DA:1,2
DA:8,3
DA:4,6
DA:7,6
DA:11,6
DA:18,12
DA:19,1
DA:20,1
DA:21,1
DA:22,1
DA:23,1
DA:24,1
DA:25,1
DA:26,1
DA:27,1
DA:33,6
BRDA:8,0,0,1
BRDA:8,0,1,1
BRDA:18,1,0,1
BRDA:18,1,1,11
end_of_record
SF:src/app/calculator/calculator.component.html
DA:1,1
end_of_record
SF:src/app/calculator/calculator.component.ts
DA:1,1
DA:8,1
DA:9,1
DA:10,1
DA:11,1
DA:12,1
DA:13,1
DA:14,1
DA:16,1
DA:17,1
DA:18,1
DA:26,1
DA:27,2
DA:29,168
DA:31,168
DA:33,2
DA:35,2
DA:42,2
DA:43,2
DA:44,2
DA:45,2
DA:46,4
DA:48,3
DA:55,80
DA:61,3
DA:68,1547
DA:69,1467
DA:74,2
DA:75,2
DA:80,357
DA:81,361
DA:85,5247
DA:87,5247
DA:91,2
DA:93,1547
DA:94,82
DA:95,82
DA:99,6
DA:102,1467
DA:105,1467
DA:109,2
DA:110,2
DA:114,11
DA:117,11
DA:118,11
DA:119,9
DA:120,9
DA:121,11
DA:125,160
DA:128,160
DA:129,160
DA:134,0
DA:136,6
DA:140,0
DA:144,0
DA:22,172
DA:23,6
DA:24,6
DA:25,6
DA:28,172
DA:30,166
DA:36,23
DA:37,10
DA:38,10
DA:39,10
DA:40,10
DA:41,10
DA:47,1
DA:49,1
DA:54,1545
DA:57,80
DA:58,80
DA:59,2
DA:60,2
DA:62,2
DA:64,80
DA:65,80
DA:70,1465
DA:71,1465
DA:72,1465
DA:73,1465
DA:78,5600
DA:79,355
DA:84,5600
DA:86,5245
DA:88,5245
DA:96,80
DA:97,80
DA:100,1545
DA:101,1465
DA:103,1465
DA:104,1465
DA:106,1465
DA:111,169
DA:112,9
DA:113,9
DA:115,9
DA:116,9
DA:124,169
DA:126,160
DA:127,160
DA:130,160
DA:131,160
DA:135,6
DA:137,6
DA:138,6
DA:141,6
DA:143,6
DA:146,7
DA:147,7
DA:148,7
DA:149,7
DA:150,7
DA:151,7
DA:152,7
DA:153,7
DA:154,7
DA:155,7
DA:156,7
DA:162,1
DA:167,1
DA:173,10
DA:179,1
DA:180,1
DA:185,10
DA:186,10
DA:189,28
DA:193,10
DA:194,10
DA:198,13
DA:199,13
DA:202,13
DA:203,13
DA:209,37
DA:211,13
DA:215,13
DA:216,13
DA:220,13
DA:222,13
DA:223,80
DA:224,13
DA:228,9
DA:230,3
DA:234,9
DA:239,3
DA:240,3
DA:244,1467
DA:250,2
DA:258,6
DA:259,7
DA:262,6
DA:269,181
DA:270,7
DA:271,7
DA:272,7
DA:273,7
DA:274,7
DA:275,7
DA:276,7
DA:277,7
DA:278,3
DA:280,7
DA:281,7
DA:282,7
DA:283,7
DA:284,7
DA:285,7
DA:286,7
DA:287,7
DA:288,7
DA:289,7
DA:290,7
DA:293,181
DA:294,174
DA:295,174
DA:296,174
DA:297,174
DA:298,174
DA:299,174
DA:300,174
DA:301,174
DA:302,174
DA:303,174
DA:304,174
DA:305,174
DA:311,6
BRDA:16,0,0,1
BRDA:16,0,1,1
BRDA:74,1,0,0
BRDA:74,1,1,2
BRDA:74,2,0,2
BRDA:74,2,1,2
BRDA:144,3,0,0
BRDA:144,3,1,0
BRDA:144,4,0,0
BRDA:144,4,1,0
BRDA:22,0,0,6
BRDA:22,0,1,166
BRDA:28,1,0,166
BRDA:28,1,1,6
BRDA:36,2,0,10
BRDA:36,2,1,13
BRDA:46,3,0,1
BRDA:46,3,1,1
BRDA:54,4,0,80
BRDA:54,4,1,1465
BRDA:68,5,0,1465
BRDA:68,5,1,80
BRDA:78,6,0,355
BRDA:78,6,1,5245
BRDA:84,7,0,5245
BRDA:84,7,1,355
BRDA:93,8,0,80
BRDA:93,8,1,1465
BRDA:100,9,0,1465
BRDA:100,9,1,80
BRDA:111,10,0,9
BRDA:111,10,1,160
BRDA:124,11,0,160
BRDA:124,11,1,9
BRDA:139,12,0,6
BRDA:139,12,1,6
BRDA:179,13,0,0
BRDA:179,13,1,1
BRDA:179,14,0,1
BRDA:179,14,1,1
BRDA:250,15,0,0
BRDA:250,15,1,2
BRDA:250,16,0,2
BRDA:250,16,1,2
BRDA:259,17,0,7
BRDA:259,17,1,7
BRDA:269,18,0,7
BRDA:269,18,1,174
BRDA:293,19,0,174
BRDA:293,19,1,7
BRDA:301,20,0,174
BRDA:301,20,1,161
BRDA:303,21,0,174
BRDA:303,21,1,161
end_of_record
SF:src/app/configuration/configuration.component.html
DA:1,2
end_of_record
SF:src/app/configuration/configuration.component.ts
DA:1,2
DA:2,2
DA:8,2
DA:9,2
DA:10,2
DA:11,2
DA:12,2
DA:13,2
DA:14,2
DA:18,2
DA:19,2
DA:26,2
DA:27,31
DA:29,10
DA:38,28
DA:39,28
DA:40,28
DA:41,28
DA:42,7
DA:43,7
DA:45,7
DA:52,8
DA:59,56
DA:60,100
DA:65,8
DA:66,8
DA:70,2
DA:87,5
DA:90,4
DA:91,1
DA:92,1
DA:99,4
DA:100,4
DA:104,5
DA:105,5
DA:109,42
DA:110,34
DA:111,33
DA:115,34
DA:120,52
DA:136,152
DA:150,52
DA:152,31
DA:154,52
DA:158,172
DA:161,8
DA:165,4
DA:166,0
DA:168,5
DA:169,5
DA:174,6
DA:175,4
DA:176,5
DA:180,841
DA:181,841
DA:188,360
DA:192,7
DA:193,7
DA:194,7
DA:28,3
DA:30,3
DA:33,24
DA:34,21
DA:35,21
DA:36,21
DA:37,21
DA:46,56
DA:47,7
DA:48,7
DA:49,7
DA:50,7
DA:51,7
DA:55,56
DA:56,49
DA:57,49
DA:58,49
DA:61,49
DA:62,49
DA:63,49
DA:68,17
DA:69,3
DA:71,3
DA:72,3
DA:73,3
DA:74,3
DA:75,3
DA:76,3
DA:77,0
DA:78,0
DA:79,0
DA:81,0
DA:82,0
DA:83,0
DA:84,0
DA:86,3
DA:88,3
DA:89,3
DA:93,17
DA:94,14
DA:95,14
DA:96,14
DA:97,14
DA:98,14
DA:102,6
DA:103,1
DA:112,1
DA:113,1
DA:114,1
DA:116,1
DA:117,1
DA:118,1
DA:119,1
DA:121,1
DA:122,1
DA:123,1
DA:124,1
DA:125,1
DA:126,1
DA:127,1
DA:128,1
DA:129,1
DA:130,1
DA:131,1
DA:132,1
DA:133,1
DA:134,1
DA:135,1
DA:137,1
DA:138,1
DA:139,1
DA:140,1
DA:141,1
DA:142,1
DA:143,1
DA:144,1
DA:145,1
DA:146,1
DA:147,1
DA:148,1
DA:149,1
DA:151,1
DA:153,1
DA:155,1
DA:156,1
DA:157,1
DA:159,1
DA:160,1
DA:162,1
DA:163,0
DA:164,0
DA:167,1
DA:170,1
DA:171,1
DA:172,2
DA:173,2
DA:177,1
DA:178,1
DA:179,1
DA:182,0
DA:183,0
DA:184,0
DA:186,1
DA:187,1
DA:190,8
DA:191,7
DA:195,7
DA:196,7
DA:197,7
DA:198,7
DA:199,7
DA:200,7
DA:201,7
DA:202,7
DA:203,7
DA:207,6
DA:210,1
DA:211,1
DA:212,1
DA:213,1
DA:214,1
DA:215,1
DA:216,1
DA:217,1
DA:218,1
DA:219,1
DA:225,1
DA:231,3
DA:237,1
DA:238,1
DA:242,0
DA:257,0
DA:258,0
DA:259,0
DA:260,0
DA:267,0
DA:268,0
DA:272,2
DA:273,2
DA:277,0
DA:278,0
DA:279,0
DA:282,0
DA:287,3
DA:294,6
DA:299,3
DA:300,3
DA:304,14
DA:309,0
DA:310,0
DA:313,0
DA:314,0
DA:315,0
DA:316,0
DA:317,0
DA:324,49
DA:325,49
DA:329,21
DA:333,0
DA:334,0
DA:335,0
DA:341,6
DA:342,1
DA:345,6
DA:352,8
DA:353,1
DA:356,8
DA:357,7
DA:363,6
BRDA:65,0,0,1
BRDA:65,0,1,7
BRDA:65,1,0,8
BRDA:65,1,1,8
BRDA:109,2,0,33
BRDA:165,3,0,0
BRDA:192,4,0,0
BRDA:192,5,0,0
BRDA:192,5,1,0
BRDA:27,0,0,3
BRDA:27,0,1,21
BRDA:33,1,0,21
BRDA:33,1,1,3
BRDA:46,2,0,7
BRDA:46,2,1,49
BRDA:55,3,0,49
BRDA:55,3,1,7
BRDA:68,4,0,3
BRDA:68,4,1,14
BRDA:93,5,0,14
BRDA:93,5,1,3
BRDA:109,6,0,1
BRDA:109,6,1,7
BRDA:190,7,0,7
BRDA:190,7,1,1
BRDA:237,8,0,0
BRDA:237,8,1,1
BRDA:237,9,0,1
BRDA:237,9,1,1
BRDA:277,10,0,0
BRDA:277,10,1,0
BRDA:309,11,0,0
BRDA:309,11,1,0
BRDA:333,12,0,0
BRDA:333,12,1,0
BRDA:333,13,0,0
BRDA:333,13,1,0
BRDA:342,14,0,1
BRDA:342,14,1,1
BRDA:352,15,0,1
BRDA:352,15,1,7
BRDA:356,16,0,7
BRDA:356,16,1,1
BRDA:357,17,0,7
BRDA:357,17,1,7
end_of_record
SF:src/app/confirm-dialog/confirm-dialog.component.html
DA:1,3
end_of_record
SF:src/app/confirm-dialog/confirm-dialog.component.ts
DA:1,3
DA:2,3
DA:8,3
DA:22,3
DA:23,3
DA:38,13
DA:41,202
DA:42,404
DA:43,224
DA:51,13
DA:56,13
DA:10,0
DA:11,0
DA:12,0
DA:13,0
DA:16,0
DA:17,0
DA:18,0
DA:19,0
DA:24,0
DA:25,0
DA:26,0
DA:27,0
DA:30,0
DA:31,0
DA:32,0
DA:33,0
DA:39,0
DA:40,0
DA:46,0
DA:47,0
DA:48,0
DA:49,0
DA:50,0
DA:52,0
DA:53,0
DA:58,0
DA:59,0
DA:60,0
DA:61,0
DA:64,0
DA:65,0
DA:66,0
DA:67,0
DA:73,0
DA:77,0
DA:81,0
DA:82,0
DA:88,6
DA:107,6
DA:108,0
DA:111,6
DA:118,0
DA:119,0
DA:120,0
DA:121,0
DA:124,0
DA:125,0
DA:126,0
DA:127,0
DA:128,0
DA:129,0
BRDA:42,0,0,0
BRDA:42,0,1,404
BRDA:42,1,0,404
BRDA:42,1,1,404
BRDA:53,2,0,13
BRDA:53,2,1,1
BRDA:10,0,0,0
BRDA:10,0,1,0
BRDA:16,1,0,0
BRDA:16,1,1,0
BRDA:24,2,0,0
BRDA:24,2,1,0
BRDA:30,3,0,0
BRDA:30,3,1,0
BRDA:38,4,0,0
BRDA:38,4,1,0
BRDA:46,5,0,0
BRDA:46,5,1,0
BRDA:50,6,0,0
BRDA:50,6,1,0
BRDA:50,7,0,0
BRDA:50,7,1,0
BRDA:51,8,0,0
BRDA:51,8,1,0
BRDA:51,9,0,0
BRDA:51,9,1,0
BRDA:51,10,0,0
BRDA:51,10,1,0
BRDA:51,11,0,0
BRDA:51,11,1,0
BRDA:58,12,0,0
BRDA:58,12,1,0
BRDA:64,13,0,0
BRDA:64,13,1,0
BRDA:77,14,0,0
BRDA:77,14,1,0
BRDA:77,15,0,0
BRDA:77,15,1,0
BRDA:81,16,0,0
BRDA:81,16,1,0
BRDA:108,17,0,0
BRDA:108,17,1,0
BRDA:118,18,0,0
BRDA:118,18,1,0
BRDA:124,19,0,0
BRDA:124,19,1,0
end_of_record
SF:src/app/dice/dice.component.html
DA:1,2
end_of_record
SF:src/app/dice/dice.component.ts
DA:1,2
DA:9,2
DA:10,31
DA:12,6
DA:15,6
DA:16,3
DA:7,546
DA:8,28
DA:11,28
DA:13,3
DA:14,3
DA:17,28
DA:20,546
DA:21,518
DA:22,518
DA:23,518
DA:24,518
DA:25,518
DA:29,6
DA:32,7
DA:33,7
DA:37,3
DA:38,3
DA:43,6
DA:44,7
DA:47,6
DA:60,181
DA:61,7
DA:64,181
DA:65,174
DA:71,6
BRDA:7,0,0,28
BRDA:7,0,1,518
BRDA:20,1,0,518
BRDA:20,1,1,28
BRDA:44,2,0,7
BRDA:44,2,1,7
BRDA:60,3,0,7
BRDA:60,3,1,174
BRDA:64,4,0,174
BRDA:64,4,1,7
end_of_record
SF:src/app/die/die.component.html
DA:1,2
end_of_record
SF:src/app/die/die.component.ts
DA:1,2
DA:9,2
DA:11,170
DA:19,3110
DA:27,9
DA:29,37
DA:34,37
DA:36,9
DA:38,3
DA:47,9
DA:48,9
DA:52,114
DA:10,3276
DA:12,168
DA:13,168
DA:16,3276
DA:17,3108
DA:18,3108
DA:20,3108
DA:21,3108
DA:25,6
DA:28,28
DA:33,28
DA:35,3
DA:45,12
DA:46,12
DA:50,3108
DA:55,6
DA:56,28
DA:59,6
DA:73,546
DA:74,28
DA:75,28
DA:76,28
DA:79,546
DA:80,518
DA:81,518
DA:82,518
DA:83,518
DA:89,6
BRDA:47,0,0,0
BRDA:47,0,1,9
BRDA:47,1,0,9
BRDA:47,1,1,9
BRDA:10,0,0,168
BRDA:10,0,1,3108
BRDA:16,1,0,3108
BRDA:16,1,1,168
BRDA:45,2,0,0
BRDA:45,2,1,12
BRDA:45,3,0,12
BRDA:45,3,1,12
BRDA:56,4,0,28
BRDA:56,4,1,28
BRDA:73,5,0,28
BRDA:73,5,1,518
BRDA:79,6,0,518
BRDA:79,6,1,28
end_of_record
SF:src/app/math-jax/math-jax.directive.ts
DA:1,2
DA:2,2
DA:3,2
DA:8,364
DA:10,42
DA:11,42
DA:15,42
DA:19,42
DA:23,42
DA:24,0
DA:27,0
DA:30,42
DA:31,404
DA:36,42
DA:37,42
DA:40,48
DA:42,42
DA:43,42
DA:5,6
DA:9,362
DA:13,362
DA:18,362
DA:21,0
DA:22,0
DA:25,362
DA:26,362
DA:32,362
DA:33,362
DA:34,362
DA:35,362
DA:41,362
DA:44,6
DA:48,6
BRDA:19,0,0,42
BRDA:19,0,1,42
BRDA:23,1,0,0
BRDA:13,0,0,362
BRDA:13,0,1,362
BRDA:18,1,0,0
BRDA:18,1,1,362
BRDA:41,2,0,362
BRDA:41,2,1,362
end_of_record
SF:src/app/math-jax/math-jax.module.ts
DA:1,2
DA:2,2
DA:3,2
DA:9,2
DA:11,2
DA:15,2
DA:18,2
DA:29,2
DA:33,6
DA:5,6
DA:7,6
DA:16,6
DA:19,6
DA:34,6
DA:35,6
DA:38,6
DA:41,6
DA:44,6
BRDA:19,0,0,2
BRDA:19,0,1,1
BRDA:19,1,0,1
BRDA:19,1,1,1
BRDA:19,2,0,2
BRDA:19,2,1,2
BRDA:20,3,0,2
BRDA:20,3,1,1
BRDA:20,4,0,1
BRDA:20,4,1,1
BRDA:20,5,0,2
BRDA:20,5,1,2
BRDA:8,0,0,6
BRDA:8,0,1,6
BRDA:8,1,0,6
BRDA:8,1,1,0
BRDA:8,2,0,6
BRDA:8,2,1,6
BRDA:11,3,0,6
BRDA:11,3,1,6
BRDA:11,4,0,6
BRDA:11,4,1,0
BRDA:11,5,0,6
BRDA:11,5,1,6
BRDA:35,6,0,6
BRDA:35,6,1,6
end_of_record
SF:src/app/math-jax/math-jax.service.ts
DA:1,4
DA:2,4
DA:3,4
DA:15,366
DA:16,4
DA:18,4
DA:20,4
DA:21,1
DA:22,1
DA:23,1
DA:26,7
DA:30,7
DA:33,8
DA:35,1
DA:37,7
DA:43,2
DA:44,1
DA:45,1
DA:48,7
DA:51,1
DA:60,7
DA:61,1
DA:62,1
DA:63,7
DA:64,1
DA:65,1
DA:69,3
DA:70,8
DA:71,2
DA:72,2
DA:75,1
DA:79,2
DA:80,1
DA:83,7
DA:84,1
DA:85,1
DA:91,8
DA:92,1
DA:93,1
DA:98,6
DA:99,12
DA:5,6
DA:8,6
DA:9,6
DA:19,362
DA:28,6
DA:29,0
DA:47,6
DA:49,6
DA:50,6
DA:52,6
DA:54,6
DA:58,13
DA:59,6
DA:66,7
DA:74,6
DA:77,7
DA:81,6
DA:82,6
DA:88,0
DA:89,0
DA:96,6
DA:97,6
DA:100,0
DA:101,0
DA:102,0
DA:105,6
DA:106,6
DA:109,6
DA:114,6
BRDA:33,0,0,1
BRDA:33,0,1,1
BRDA:43,1,0,1
BRDA:69,2,0,2
BRDA:69,3,0,3
BRDA:69,3,1,3
BRDA:79,4,0,1
BRDA:91,5,0,1
BRDA:15,0,0,362
BRDA:15,0,1,0
BRDA:28,1,0,0
BRDA:28,1,1,6
BRDA:58,2,0,6
BRDA:58,2,1,7
BRDA:58,3,0,13
BRDA:58,3,1,13
BRDA:70,4,0,0
BRDA:70,4,1,6
BRDA:81,5,0,6
BRDA:81,5,1,0
BRDA:106,6,0,6
BRDA:106,6,1,6
end_of_record
SF:src/app/math-jax/utils.ts
DA:1,4
DA:19,10
DA:20,5
DA:23,5
DA:2,6
DA:5,0
DA:8,0
DA:15,6
DA:16,0
DA:24,6
BRDA:16,0,0,0
BRDA:16,0,1,0
end_of_record
SF:src/app/scroll-to-top/scroll-to-top.component.html
DA:1,2
end_of_record
SF:src/app/scroll-to-top/scroll-to-top.component.ts
DA:1,2
DA:10,2
DA:28,8
DA:33,5
DA:39,5
DA:40,4
DA:42,12
DA:45,5
DA:49,4
DA:50,4
DA:55,4
DA:56,5
DA:63,8
DA:67,116
DA:75,6
DA:76,1
DA:77,1
DA:80,11
DA:82,5
DA:83,5
DA:87,1
DA:8,84
DA:9,2
DA:11,2
DA:12,2
DA:13,1
DA:14,1
DA:15,1
DA:17,2
DA:18,2
DA:19,2
DA:22,84
DA:23,82
DA:24,82
DA:31,7
DA:32,7
DA:34,111
DA:38,7
DA:43,7
DA:46,7
DA:47,7
DA:52,14
DA:60,111
DA:61,0
DA:62,0
DA:65,111
DA:66,111
DA:71,1
DA:81,7
DA:84,6
DA:96,181
DA:97,7
DA:100,181
DA:101,174
DA:119,6
BRDA:49,0,0,4
BRDA:55,1,0,4
BRDA:75,2,0,1
BRDA:82,3,0,4
BRDA:82,3,1,1
BRDA:8,0,0,2
BRDA:8,0,1,82
BRDA:22,1,0,82
BRDA:22,1,1,2
BRDA:42,2,0,7
BRDA:42,2,1,0
BRDA:46,3,0,7
BRDA:46,3,1,0
BRDA:60,4,0,0
BRDA:60,4,1,111
BRDA:66,5,0,111
BRDA:66,5,1,0
BRDA:81,6,0,7
BRDA:81,6,1,7
BRDA:96,7,0,7
BRDA:96,7,1,174
BRDA:100,8,0,174
BRDA:100,8,1,7
end_of_record
SF:src/app/solver/solver.ts
DA:5,15
DA:48,15
DA:49,1013
DA:50,162
DA:51,15
DA:53,15
DA:57,307
DA:58,217
DA:69,288
DA:70,194
DA:81,288
DA:82,168
DA:93,288
DA:94,127
DA:105,330
DA:106,145
DA:117,288
DA:118,128
DA:129,288
DA:130,221
DA:141,15
DA:142,105
DA:145,15
DA:146,646
DA:155,15
DA:156,173
DA:163,2970
DA:165,2970
DA:168,3722
DA:169,2970
DA:172,3722
DA:178,865
DA:179,865
DA:182,865
DA:189,1782
DA:190,1782
DA:194,1782
DA:198,519
DA:204,1188
DA:205,1188
DA:206,1188
DA:208,1188
DA:212,1188
DA:213,1188
DA:215,1188
DA:219,346
DA:220,346
DA:222,346
DA:223,346
DA:224,173
DA:226,173
DA:233,594
DA:243,1188
DA:244,1188
DA:245,1188
DA:251,1188
DA:253,348
DA:256,348
DA:257,171
DA:258,171
DA:259,171
DA:263,1188
DA:274,2376
DA:275,594
DA:278,1782
DA:282,15
DA:283,6
DA:286,64
DA:288,64
DA:289,60
DA:293,60
DA:294,24
DA:296,36
DA:297,48
DA:301,64
DA:309,27
DA:310,18
DA:313,9
DA:314,9
DA:315,18
DA:316,18
DA:317,18
DA:319,18
DA:320,18
DA:324,9
DA:333,6
DA:334,2
DA:337,4
DA:339,30
DA:342,4
DA:343,8
DA:346,4
DA:347,9
DA:350,4
DA:355,594
DA:356,594
DA:358,594
DA:365,594
DA:372,594
DA:377,173
DA:378,173
DA:379,173
DA:380,173
DA:388,4
DA:389,173
DA:390,173
DA:7,49
DA:9,6
DA:11,6
DA:13,6
DA:18,7
DA:19,7
DA:31,7
DA:32,7
DA:44,7
DA:45,7
DA:71,7
DA:83,7
DA:84,7
DA:96,7
DA:97,7
DA:107,6
DA:123,0
DA:124,0
DA:128,0
DA:132,0
DA:136,0
DA:137,0
DA:140,0
DA:147,0
DA:148,0
DA:152,0
DA:164,0
DA:166,0
DA:170,0
DA:171,0
DA:176,0
DA:177,0
DA:180,0
DA:181,0
DA:184,0
DA:188,0
DA:192,0
DA:193,0
DA:199,0
DA:200,0
DA:202,0
DA:203,0
DA:209,0
DA:214,0
DA:217,0
DA:228,0
DA:230,0
DA:231,0
DA:234,0
DA:236,0
DA:237,0
DA:242,0
DA:247,0
DA:248,0
DA:254,0
DA:255,0
DA:260,0
DA:270,0
DA:271,0
DA:276,0
DA:277,0
DA:279,0
DA:280,0
DA:281,0
DA:284,0
DA:285,0
DA:292,0
BRDA:168,0,0,2970
BRDA:177,1,0,692
BRDA:178,2,0,865
BRDA:218,3,0,0
BRDA:223,4,0,173
BRDA:251,5,0,348
BRDA:253,6,0,348
BRDA:253,6,1,261
BRDA:253,6,2,174
BRDA:253,6,3,264
BRDA:253,6,4,87
BRDA:256,7,0,171
BRDA:274,8,0,594
BRDA:293,9,0,24
BRDA:293,9,1,36
BRDA:306,10,0,9
BRDA:309,11,0,18
BRDA:333,12,0,2
BRDA:333,13,0,6
BRDA:333,13,1,5
BRDA:359,14,0,0
BRDA:359,14,1,594
BRDA:360,15,0,0
BRDA:360,15,1,594
BRDA:372,16,0,594
BRDA:372,16,1,315
BRDA:372,16,2,264
BRDA:128,0,0,0
BRDA:128,0,1,0
BRDA:135,1,0,0
BRDA:136,2,0,0
BRDA:136,2,1,0
BRDA:175,3,0,0
BRDA:180,4,0,0
BRDA:180,4,1,0
BRDA:199,5,0,0
BRDA:199,5,1,0
BRDA:200,6,0,0
BRDA:200,6,1,0
BRDA:200,6,2,0
BRDA:200,6,3,0
BRDA:200,6,4,0
BRDA:202,7,0,0
BRDA:202,7,1,0
BRDA:213,8,0,0
BRDA:213,8,1,0
BRDA:233,9,0,0
BRDA:233,9,1,0
BRDA:245,10,0,0
BRDA:247,11,0,0
BRDA:247,11,1,0
BRDA:270,12,0,0
BRDA:270,12,1,0
BRDA:270,13,0,0
BRDA:270,13,1,0
BRDA:280,14,0,0
BRDA:280,14,1,0
BRDA:280,15,0,0
BRDA:280,15,1,0
BRDA:281,16,0,0
BRDA:281,16,1,0
BRDA:281,16,2,0
end_of_record
SF:src/app/solver/utils.ts
DA:1,15
DA:2,15
DA:25,15
DA:28,3
DA:31,3
DA:35,3
DA:36,3
DA:37,3
DA:42,3
DA:6,0
DA:7,0
DA:9,0
DA:13,0
end_of_record
SF:src/app/toolbar/toolbar.component.html
DA:1,1
end_of_record
SF:src/app/toolbar/toolbar.component.ts
DA:1,1
DA:2,1
DA:10,16
DA:15,371
DA:18,356
DA:19,4
DA:24,1
DA:25,1
DA:9,370
DA:11,15
DA:12,15
DA:16,355
DA:17,355
DA:23,0
DA:26,0
DA:29,0
DA:30,0
DA:31,0
DA:32,0
DA:37,370
DA:38,15
DA:40,15
DA:41,15
DA:42,15
DA:43,3
DA:44,3
DA:45,3
DA:47,15
DA:48,15
DA:49,15
DA:50,15
DA:51,15
DA:54,370
DA:55,355
DA:56,355
DA:57,355
DA:58,355
DA:59,355
DA:60,355
DA:61,355
DA:62,355
DA:67,187
DA:68,6
DA:69,6
DA:70,6
DA:71,6
DA:72,6
DA:73,6
DA:74,6
DA:77,187
DA:78,181
DA:79,181
DA:80,181
DA:81,181
DA:82,181
DA:86,6
DA:89,6
DA:93,6
DA:94,14
DA:101,0
DA:102,0
DA:107,6
DA:108,6
DA:111,6
DA:118,187
DA:119,6
DA:122,187
DA:123,181
DA:130,6
BRDA:24,0,0,0
BRDA:24,0,1,1
BRDA:24,1,0,1
BRDA:24,1,1,1
BRDA:9,0,0,15
BRDA:9,0,1,355
BRDA:15,1,0,355
BRDA:15,1,1,15
BRDA:23,2,0,0
BRDA:23,2,1,0
BRDA:29,3,0,0
BRDA:29,3,1,0
BRDA:37,4,0,15
BRDA:37,4,1,355
BRDA:54,5,0,355
BRDA:54,5,1,15
BRDA:67,6,0,6
BRDA:67,6,1,181
BRDA:77,7,0,181
BRDA:77,7,1,6
BRDA:101,8,0,0
BRDA:101,8,1,0
BRDA:101,9,0,0
BRDA:101,9,1,0
BRDA:108,10,0,6
BRDA:108,10,1,6
BRDA:118,11,0,6
BRDA:118,11,1,181
BRDA:122,12,0,181
BRDA:122,12,1,6
end_of_record
SF:src/global-mocks/computed-style.mock.ts
DA:2,15
DA:3,27
DA:5,2
end_of_record
SF:src/global-mocks/match-media.mock.ts
DA:5,15
DA:10,15
DA:11,254
DA:14,9
DA:18,15
DA:22,119
DA:26,167
DA:30,3
DA:37,6
DA:39,11
DA:40,11
DA:41,7
DA:44,11
DA:58,112
DA:59,112
DA:60,103
DA:63,9
DA:64,9
DA:66,9
DA:67,3
DA:71,6
DA:72,6
DA:76,2
DA:80,4
DA:88,253
DA:89,253
DA:91,523
DA:92,314
DA:94,164
DA:96,253
DA:105,15
DA:106,212
DA:110,212
DA:112,212
DA:115,212
DA:116,212
DA:120,1
DA:124,108
DA:134,100
DA:135,100
DA:146,100
DA:147,100
DA:156,12
DA:157,1
DA:160,11
DA:166,30
DA:170,7
DA:172,7
DA:173,3
DA:176,7
DA:177,7
DA:179,7
DA:180,7
DA:181,1
DA:182,1
DA:185,6
DA:186,6
DA:187,6
DA:191,7
DA:195,18
DA:196,10
DA:199,8
DA:203,3
DA:204,1
DA:205,1
DA:208,2
DA:217,3
DA:218,2
DA:219,2
DA:224,106
DA:225,121
DA:226,121
DA:229,106
DA:237,15
DA:238,15
DA:240,18
DA:244,18
DA:245,18
DA:249,1
DA:253,106
DA:257,1
DA:258,1
DA:261,1
DA:263,2
DA:267,2
DA:268,1
DA:270,1
DA:279,1
DA:280,1
DA:282,1
DA:285,105
DA:288,202
DA:292,202
DA:293,202
DA:300,18
DA:301,202
DA:310,15
DA:312,15
DA:318,15
BRDA:40,0,0,7
BRDA:59,1,0,103
BRDA:66,2,0,3
BRDA:72,3,0,2
BRDA:73,4,0,6
BRDA:73,4,1,2
BRDA:94,5,0,150
BRDA:94,5,1,14
BRDA:134,6,0,100
BRDA:146,7,0,100
BRDA:156,8,0,1
BRDA:166,9,0,30
BRDA:166,9,1,15
BRDA:172,10,0,3
BRDA:180,11,0,1
BRDA:185,12,0,6
BRDA:195,13,0,10
BRDA:203,14,0,1
BRDA:203,14,1,2
BRDA:217,15,0,2
BRDA:244,16,0,17
end_of_record
SF:src/global-mocks/worker.mock.ts
DA:20,15
DA:21,15
DA:23,9
DA:25,9
DA:28,9
DA:32,9
DA:33,9
DA:37,4
DA:38,4
DA:40,2
DA:41,2
DA:42,1
DA:44,1
DA:50,15
DA:51,15
DA:53,19
DA:56,19
DA:64,15
DA:68,1
DA:72,7
DA:73,7
DA:74,7
DA:75,1
DA:80,6
DA:81,6
DA:82,6
DA:86,3
DA:90,1
DA:101,15
DA:103,15
DA:109,15
DA:111,4
BRDA:41,0,0,1
BRDA:41,0,1,1
BRDA:74,1,0,1
end_of_record
SF:src/main.ts
DA:6,6
DA:7,0
DA:10,6
DA:12,0
BRDA:6,0,0,0
BRDA:6,0,1,6
end_of_record
SF:src/polyfills.ts
DA:20,6
end_of_record
SF:src/app/app.module.ts
DA:28,6
DA:31,6
DA:32,6
DA:35,6
DA:39,6
DA:48,6
BRDA:32,0,0,6
BRDA:32,0,1,6
end_of_record
SF:src/app/solver-worker.url.ts
DA:6,13
end_of_record
SF:src/environments/environment.ts
DA:4,6
end_of_record
